/*C19*/SET SCHEMA PUBLIC
DELETE FROM USERS WHERE ID=1
INSERT INTO USERS VALUES(1,'admin','admin','2e5a3714-6bbd-4330-93c3-65a0771aeb66',1)
COMMIT
DELETE FROM USERS WHERE ID=1
INSERT INTO USERS VALUES(1,'admin','admin','d507a34b-e86b-4e25-b672-ca5f28b5fe1c',1)
COMMIT
DELETE FROM USERS WHERE ID=1
INSERT INTO USERS VALUES(1,'admin','admin','9e1f976c-95cf-418b-8ba9-0b7a3b28327a',1)
COMMIT
DELETE FROM USERS WHERE ID=1
INSERT INTO USERS VALUES(1,'admin','admin','48daeae4-e697-41e8-a9c1-e6e0ce73c03c',1)
COMMIT
DELETE FROM USERS WHERE ID=1
INSERT INTO USERS VALUES(1,'admin','admin','1ffde00a-a5e4-40b6-8077-44f644080325',1)
COMMIT
DELETE FROM USERS WHERE ID=1
INSERT INTO USERS VALUES(1,'admin','admin','4ee1cb0b-cc12-4d2b-bf26-e1aade452706',1)
COMMIT
DELETE FROM USERS WHERE ID=1
INSERT INTO USERS VALUES(1,'admin','admin','2268cb07-194d-4929-8b43-f0c978479bac',1)
COMMIT
DELETE FROM USERS WHERE ID=1
INSERT INTO USERS VALUES(1,'admin','admin','09cbe88b-5d19-4305-96fb-04ef716f5f35',1)
COMMIT
DELETE FROM USERS WHERE ID=1
INSERT INTO USERS VALUES(1,'admin','admin','cdc45bdf-165a-45ad-95ea-ea825c605861',1)
COMMIT
DELETE FROM USERS WHERE ID=1
INSERT INTO USERS VALUES(1,'admin','admin','86b64459-4d35-440a-b790-6ba4dfe82327',1)
COMMIT
DELETE FROM USERS WHERE ID=1
INSERT INTO USERS VALUES(1,'admin','admin','edd1b5b2-d0ec-4060-8a4d-5c6e943c7e09',1)
COMMIT
DELETE FROM USERS WHERE ID=1
INSERT INTO USERS VALUES(1,'admin','admin','9bcf8312-5fac-489b-84a1-cb640243ae17',1)
COMMIT
DELETE FROM USERS WHERE ID=1
INSERT INTO USERS VALUES(1,'admin','admin','460f3bd3-7eb4-4c2f-988f-7c9683980090',1)
COMMIT
DELETE FROM USERS WHERE ID=1
INSERT INTO USERS VALUES(1,'admin','admin','4f20873c-560b-4a4d-86a3-e28a4da65391',1)
COMMIT
DISCONNECT
/*C20*/SET SCHEMA PUBLIC
DELETE FROM USERS WHERE ID=1
INSERT INTO USERS VALUES(1,'admin','admin','1d1b81b6-d5e0-4152-acd5-6446400c516a',1)
COMMIT
DISCONNECT
/*C21*/SET SCHEMA PUBLIC
DELETE FROM USERS WHERE ID=1
INSERT INTO USERS VALUES(1,'admin','admin','32d52c01-a199-4fba-9067-aedb75bf1923',1)
COMMIT
DELETE FROM USERS WHERE ID=1
INSERT INTO USERS VALUES(1,'admin','admin','23105c97-cb25-490c-a753-6ac432ed698f',1)
COMMIT
DISCONNECT
/*C22*/SET SCHEMA PUBLIC
DELETE FROM USERS WHERE ID=1
INSERT INTO USERS VALUES(1,'admin','admin','b5f352e1-d526-4955-8793-3d29c91f186e',1)
COMMIT
DELETE FROM USERS WHERE ID=1
INSERT INTO USERS VALUES(1,'admin','admin','68df6954-fdae-4c35-8f3b-d6d783d36ac9',1)
COMMIT
DELETE FROM USERS WHERE ID=1
INSERT INTO USERS VALUES(1,'admin','admin','dc7b09d1-f347-4987-a9e1-c7556f081c84',1)
COMMIT
DELETE FROM USERS WHERE ID=1
INSERT INTO USERS VALUES(1,'admin','admin','42311e4b-5154-4725-8bbe-259d0ed03b2c',1)
COMMIT
/*C23*/SET SCHEMA PUBLIC
DELETE FROM TRANSACTIONS WHERE ID=1
INSERT INTO TRANSACTIONS VALUES(1,25000.0E0,'Initial balance')
COMMIT
/*C22*/DISCONNECT
/*C24*/SET SCHEMA PUBLIC
DELETE FROM USERS WHERE ID=1
INSERT INTO USERS VALUES(1,'admin','admin','c7b0f53a-9ebd-4448-86c0-9799e279ecb5',1)
COMMIT
DISCONNECT
/*C25*/SET SCHEMA PUBLIC
DISCONNECT
/*C26*/SET SCHEMA PUBLIC
DISCONNECT
/*C27*/SET SCHEMA PUBLIC
DISCONNECT
/*C28*/SET SCHEMA PUBLIC
DISCONNECT
/*C29*/SET SCHEMA PUBLIC
DELETE FROM TRANSACTIONS WHERE ID=1
INSERT INTO TRANSACTIONS VALUES(1,0.0E0,'Initial balance')
COMMIT
DELETE FROM TRANSACTIONS WHERE ID=1
INSERT INTO TRANSACTIONS VALUES(1,0.0E0,'Initial balance')
COMMIT
DELETE FROM TRANSACTIONS WHERE ID=1
INSERT INTO TRANSACTIONS VALUES(1,0.0E0,'Initial balance')
COMMIT
DELETE FROM TRANSACTIONS WHERE ID=1
INSERT INTO TRANSACTIONS VALUES(1,0.0E0,'Initial balance')
COMMIT
DISCONNECT
/*C23*/DELETE FROM TRANSACTIONS WHERE ID=1
INSERT INTO TRANSACTIONS VALUES(1,30000.0E0,'Initial balance')
COMMIT
/*C30*/SET SCHEMA PUBLIC
DELETE FROM TRANSACTIONS WHERE ID=1
INSERT INTO TRANSACTIONS VALUES(1,0.0E0,'Initial balance')
COMMIT
DISCONNECT
/*C31*/SET SCHEMA PUBLIC
DELETE FROM TRANSACTIONS WHERE ID=1
INSERT INTO TRANSACTIONS VALUES(1,0.0E0,'Initial balance')
COMMIT
/*C23*/DELETE FROM TRANSACTIONS WHERE ID=1
INSERT INTO TRANSACTIONS VALUES(1,30000.0E0,'Initial balance')
COMMIT
/*C31*/DELETE FROM TRANSACTIONS WHERE ID=1
INSERT INTO TRANSACTIONS VALUES(1,0.0E0,'Initial balance')
COMMIT
DELETE FROM TRANSACTIONS WHERE ID=1
INSERT INTO TRANSACTIONS VALUES(1,0.0E0,'Initial balance')
COMMIT
DISCONNECT
/*C23*/DELETE FROM TRANSACTIONS WHERE ID=1
INSERT INTO TRANSACTIONS VALUES(1,30000.0E0,'Initial balance')
COMMIT
DELETE FROM TRANSACTIONS WHERE ID=1
INSERT INTO TRANSACTIONS VALUES(1,30000.0E0,'Initial balance')
COMMIT
DELETE FROM TRANSACTIONS WHERE ID=1
INSERT INTO TRANSACTIONS VALUES(1,30000.0E0,'Initial balance')
COMMIT
DELETE FROM TRANSACTIONS WHERE ID=1
INSERT INTO TRANSACTIONS VALUES(1,30000.0E0,'Initial balance')
COMMIT
DELETE FROM TRANSACTIONS WHERE ID=1
INSERT INTO TRANSACTIONS VALUES(1,30000.0E0,'Initial balance')
COMMIT
/*C32*/SET SCHEMA PUBLIC
DELETE FROM TRANSACTIONS WHERE ID=1
INSERT INTO TRANSACTIONS VALUES(1,30000.0E0,'Initial balance')
COMMIT
DELETE FROM USERS WHERE ID=1
INSERT INTO USERS VALUES(1,'admin','admin','726ba9c5-6766-4b1c-b320-a8241cae3ac0',1)
COMMIT
DELETE FROM USERS WHERE ID=1
INSERT INTO USERS VALUES(1,'admin','admin','0a600620-fe2d-4be8-8b78-d17fcb54bc7b',1)
COMMIT
DELETE FROM USERS WHERE ID=1
INSERT INTO USERS VALUES(1,'admin','admin','b089b5a1-a04e-467a-8b7c-02e5f328103b',1)
COMMIT
DISCONNECT
/*C23*/DELETE FROM TRANSACTIONS WHERE ID=1
INSERT INTO TRANSACTIONS VALUES(1,30000.0E0,'Initial balance')
COMMIT
/*C33*/SET SCHEMA PUBLIC
DELETE FROM USERS WHERE ID=1
INSERT INTO USERS VALUES(1,'admin','admin','86bb9669-38cc-4db2-85f4-8cd3328f94bf',1)
COMMIT
DELETE FROM USERS WHERE ID=1
INSERT INTO USERS VALUES(1,'admin','admin','3f1e70be-c59a-4b7b-857b-180b66ac4236',1)
COMMIT
DELETE FROM USERS WHERE ID=1
INSERT INTO USERS VALUES(1,'admin','admin','6f73de5a-9bb3-43a9-b50d-4dd0203c6401',1)
COMMIT
DELETE FROM USERS WHERE ID=1
INSERT INTO USERS VALUES(1,'admin','admin','b1ded02f-e192-47cb-9a7f-5b93b1352e6d',1)
COMMIT
DELETE FROM USERS WHERE ID=1
INSERT INTO USERS VALUES(1,'admin','admin','51c3e2f0-fef8-4d81-a5c4-f2037f439ad7',1)
COMMIT
DELETE FROM USERS WHERE ID=1
INSERT INTO USERS VALUES(1,'admin','admin','d5ca40e7-3449-466e-a860-7712077eaa07',1)
COMMIT
DELETE FROM USERS WHERE ID=1
INSERT INTO USERS VALUES(1,'admin','admin','0ec36de2-5721-45a0-9cb2-3a6dcc852515',1)
COMMIT
DISCONNECT
/*C34*/SET SCHEMA PUBLIC
DELETE FROM USERS WHERE ID=1
INSERT INTO USERS VALUES(1,'admin','admin','a4d71efa-631f-4b2f-b122-e2546820a566',1)
COMMIT
DELETE FROM TRANSACTIONS WHERE ID=1
INSERT INTO TRANSACTIONS VALUES(1,0.0E0,'Initial balance')
COMMIT
/*C23*/DELETE FROM TRANSACTIONS WHERE ID=1
INSERT INTO TRANSACTIONS VALUES(1,30000.0E0,'Initial balance')
COMMIT
/*C34*/DELETE FROM TRANSACTIONS WHERE ID=1
INSERT INTO TRANSACTIONS VALUES(1,0.0E0,'Initial balance')
COMMIT
DISCONNECT
/*C23*/DELETE FROM TRANSACTIONS WHERE ID=1
INSERT INTO TRANSACTIONS VALUES(1,30000.0E0,'Initial balance')
COMMIT
/*C35*/SET SCHEMA PUBLIC
DELETE FROM TRANSACTIONS WHERE ID=1
INSERT INTO TRANSACTIONS VALUES(1,0.0E0,'Initial balance')
COMMIT
DISCONNECT
/*C36*/SET SCHEMA PUBLIC
DELETE FROM TRANSACTIONS WHERE ID=1
INSERT INTO TRANSACTIONS VALUES(1,0.0E0,'Initial balance')
COMMIT
/*C23*/DELETE FROM TRANSACTIONS WHERE ID=1
INSERT INTO TRANSACTIONS VALUES(1,30000.0E0,'Initial balance')
COMMIT
/*C36*/DELETE FROM TRANSACTIONS WHERE ID=1
INSERT INTO TRANSACTIONS VALUES(1,0.0E0,'Initial balance')
COMMIT
/*C23*/DELETE FROM TRANSACTIONS WHERE ID=1
INSERT INTO TRANSACTIONS VALUES(1,30000.0E0,'Initial balance')
COMMIT
/*C36*/DELETE FROM TRANSACTIONS WHERE ID=1
INSERT INTO TRANSACTIONS VALUES(1,0.0E0,'Initial balance')
COMMIT
DISCONNECT
/*C23*/DELETE FROM TRANSACTIONS WHERE ID=1
INSERT INTO TRANSACTIONS VALUES(1,30000.0E0,'Initial balance')
COMMIT
/*C37*/SET SCHEMA PUBLIC
DELETE FROM TRANSACTIONS WHERE ID=1
INSERT INTO TRANSACTIONS VALUES(1,0.0E0,'Initial balance')
COMMIT
/*C23*/DELETE FROM TRANSACTIONS WHERE ID=1
INSERT INTO TRANSACTIONS VALUES(1,30000.0E0,'Initial balance')
COMMIT
/*C37*/DELETE FROM TRANSACTIONS WHERE ID=1
INSERT INTO TRANSACTIONS VALUES(1,0.0E0,'Initial balance')
COMMIT
DISCONNECT
/*C23*/DELETE FROM TRANSACTIONS WHERE ID=1
INSERT INTO TRANSACTIONS VALUES(1,30000.0E0,'Initial balance')
COMMIT
/*C38*/SET SCHEMA PUBLIC
DISCONNECT
/*C39*/SET SCHEMA PUBLIC
DISCONNECT
